[5.734s] Invoking command in '/home/mi/ros2_ws/src/shoot_goal': PYTHONPATH=/home/mi/ros2_ws/install/shoot_goal/lib/python3.6/site-packages:${PYTHONPATH} /usr/bin/python3 setup.py egg_info --egg-base ../../build/shoot_goal build --build-base /home/mi/ros2_ws/build/shoot_goal/build install --prefix /home/mi/ros2_ws/install/shoot_goal --record /home/mi/ros2_ws/build/shoot_goal/install.log --single-version-externally-managed
[7.412s] running egg_info
[7.421s] writing ../../build/shoot_goal/shoot_goal.egg-info/PKG-INFO
[7.422s] writing dependency_links to ../../build/shoot_goal/shoot_goal.egg-info/dependency_links.txt
[7.423s] writing entry points to ../../build/shoot_goal/shoot_goal.egg-info/entry_points.txt
[7.423s] writing requirements to ../../build/shoot_goal/shoot_goal.egg-info/requires.txt
[7.423s] writing top-level names to ../../build/shoot_goal/shoot_goal.egg-info/top_level.txt
[7.439s] reading manifest file '../../build/shoot_goal/shoot_goal.egg-info/SOURCES.txt'
[7.447s] writing manifest file '../../build/shoot_goal/shoot_goal.egg-info/SOURCES.txt'
[7.448s] running build
[7.449s] running build_py
[7.450s] copying shoot_goal/shoot_control.py -> /home/mi/ros2_ws/build/shoot_goal/build/lib/shoot_goal
[7.451s] running install
[7.458s] running install_lib
[7.459s] /usr/local/lib/python3.6/dist-packages/setuptools/command/install.py:37: SetuptoolsDeprecationWarning: setup.py install is deprecated. Use build and pip and other standards-based tools.
[7.461s]   setuptools.SetuptoolsDeprecationWarning,
[7.463s] copying /home/mi/ros2_ws/build/shoot_goal/build/lib/shoot_goal/shoot_control.py -> /home/mi/ros2_ws/install/shoot_goal/lib/python3.6/site-packages/shoot_goal
[7.463s] byte-compiling /home/mi/ros2_ws/install/shoot_goal/lib/python3.6/site-packages/shoot_goal/shoot_control.py to shoot_control.cpython-36.pyc
[7.474s] running install_data
[7.477s] running install_egg_info
[7.488s] removing '/home/mi/ros2_ws/install/shoot_goal/lib/python3.6/site-packages/shoot_goal-0.0.0-py3.6.egg-info' (and everything under it)
[7.489s] Copying ../../build/shoot_goal/shoot_goal.egg-info to /home/mi/ros2_ws/install/shoot_goal/lib/python3.6/site-packages/shoot_goal-0.0.0-py3.6.egg-info
[7.495s] running install_scripts
[7.605s] Installing shoot script to /home/mi/ros2_ws/install/shoot_goal/lib/shoot_goal
[7.607s] writing list of installed files to '/home/mi/ros2_ws/build/shoot_goal/install.log'
[7.745s] Invoked command in '/home/mi/ros2_ws/src/shoot_goal' returned '0': PYTHONPATH=/home/mi/ros2_ws/install/shoot_goal/lib/python3.6/site-packages:${PYTHONPATH} /usr/bin/python3 setup.py egg_info --egg-base ../../build/shoot_goal build --build-base /home/mi/ros2_ws/build/shoot_goal/build install --prefix /home/mi/ros2_ws/install/shoot_goal --record /home/mi/ros2_ws/build/shoot_goal/install.log --single-version-externally-managed
