[6.037s] Invoking command in '/home/mi/ros2_ws/src/demo_python_pkg': PYTHONPATH=/home/mi/ros2_ws/install/demo_python_pkg/lib/python3.6/site-packages:${PYTHONPATH} /usr/bin/python3 setup.py egg_info --egg-base ../../build/demo_python_pkg build --build-base /home/mi/ros2_ws/build/demo_python_pkg/build install --prefix /home/mi/ros2_ws/install/demo_python_pkg --record /home/mi/ros2_ws/build/demo_python_pkg/install.log --single-version-externally-managed
[7.617s] running egg_info
[7.619s] writing ../../build/demo_python_pkg/demo_python_pkg.egg-info/PKG-INFO
[7.620s] writing dependency_links to ../../build/demo_python_pkg/demo_python_pkg.egg-info/dependency_links.txt
[7.622s] writing entry points to ../../build/demo_python_pkg/demo_python_pkg.egg-info/entry_points.txt
[7.623s] writing requirements to ../../build/demo_python_pkg/demo_python_pkg.egg-info/requires.txt
[7.623s] writing top-level names to ../../build/demo_python_pkg/demo_python_pkg.egg-info/top_level.txt
[7.639s] reading manifest file '../../build/demo_python_pkg/demo_python_pkg.egg-info/SOURCES.txt'
[7.646s] writing manifest file '../../build/demo_python_pkg/demo_python_pkg.egg-info/SOURCES.txt'
[7.652s] running build
[7.652s] running build_py
[7.653s] running install
[7.654s] /usr/local/lib/python3.6/dist-packages/setuptools/command/install.py:37: SetuptoolsDeprecationWarning: setup.py install is deprecated. Use build and pip and other standards-based tools.
[7.654s]   setuptools.SetuptoolsDeprecationWarning,
[7.658s] running install_lib
[7.659s] running install_data
[7.662s] running install_egg_info
[7.670s] removing '/home/mi/ros2_ws/install/demo_python_pkg/lib/python3.6/site-packages/demo_python_pkg-0.0.0-py3.6.egg-info' (and everything under it)
[7.671s] Copying ../../build/demo_python_pkg/demo_python_pkg.egg-info to /home/mi/ros2_ws/install/demo_python_pkg/lib/python3.6/site-packages/demo_python_pkg-0.0.0-py3.6.egg-info
[7.676s] running install_scripts
[7.768s] Installing hello script to /home/mi/ros2_ws/install/demo_python_pkg/lib/demo_python_pkg
[7.770s] Installing move script to /home/mi/ros2_ws/install/demo_python_pkg/lib/demo_python_pkg
[7.771s] Installing sub script to /home/mi/ros2_ws/install/demo_python_pkg/lib/demo_python_pkg
[7.773s] writing list of installed files to '/home/mi/ros2_ws/build/demo_python_pkg/install.log'
[7.955s] Invoked command in '/home/mi/ros2_ws/src/demo_python_pkg' returned '0': PYTHONPATH=/home/mi/ros2_ws/install/demo_python_pkg/lib/python3.6/site-packages:${PYTHONPATH} /usr/bin/python3 setup.py egg_info --egg-base ../../build/demo_python_pkg build --build-base /home/mi/ros2_ws/build/demo_python_pkg/build install --prefix /home/mi/ros2_ws/install/demo_python_pkg --record /home/mi/ros2_ws/build/demo_python_pkg/install.log --single-version-externally-managed
