/home/mi/ros2_ws/install/demo_python_pkg/lib/python3.6/site-packages/demo_python_pkg/node_helloworld.py
/home/mi/ros2_ws/install/demo_python_pkg/lib/python3.6/site-packages/demo_python_pkg/__init__.py
/home/mi/ros2_ws/install/demo_python_pkg/lib/python3.6/site-packages/demo_python_pkg/ultrasonic_move.py
/home/mi/ros2_ws/install/demo_python_pkg/lib/python3.6/site-packages/demo_python_pkg/ultrasonic_sub.py
/home/mi/ros2_ws/install/demo_python_pkg/lib/python3.6/site-packages/demo_python_pkg/__pycache__/node_helloworld.cpython-36.pyc
/home/mi/ros2_ws/install/demo_python_pkg/lib/python3.6/site-packages/demo_python_pkg/__pycache__/__init__.cpython-36.pyc
/home/mi/ros2_ws/install/demo_python_pkg/lib/python3.6/site-packages/demo_python_pkg/__pycache__/ultrasonic_move.cpython-36.pyc
/home/mi/ros2_ws/install/demo_python_pkg/lib/python3.6/site-packages/demo_python_pkg/__pycache__/ultrasonic_sub.cpython-36.pyc
/home/mi/ros2_ws/install/demo_python_pkg/share/ament_index/resource_index/packages/demo_python_pkg
/home/mi/ros2_ws/install/demo_python_pkg/share/demo_python_pkg/package.xml
/home/mi/ros2_ws/install/demo_python_pkg/lib/python3.6/site-packages/demo_python_pkg-0.0.0-py3.6.egg-info/zip-safe
/home/mi/ros2_ws/install/demo_python_pkg/lib/python3.6/site-packages/demo_python_pkg-0.0.0-py3.6.egg-info/SOURCES.txt
/home/mi/ros2_ws/install/demo_python_pkg/lib/python3.6/site-packages/demo_python_pkg-0.0.0-py3.6.egg-info/requires.txt
/home/mi/ros2_ws/install/demo_python_pkg/lib/python3.6/site-packages/demo_python_pkg-0.0.0-py3.6.egg-info/PKG-INFO
/home/mi/ros2_ws/install/demo_python_pkg/lib/python3.6/site-packages/demo_python_pkg-0.0.0-py3.6.egg-info/entry_points.txt
/home/mi/ros2_ws/install/demo_python_pkg/lib/python3.6/site-packages/demo_python_pkg-0.0.0-py3.6.egg-info/top_level.txt
/home/mi/ros2_ws/install/demo_python_pkg/lib/python3.6/site-packages/demo_python_pkg-0.0.0-py3.6.egg-info/dependency_links.txt
/home/mi/ros2_ws/install/demo_python_pkg/lib/demo_python_pkg/hello
/home/mi/ros2_ws/install/demo_python_pkg/lib/demo_python_pkg/move
/home/mi/ros2_ws/install/demo_python_pkg/lib/demo_python_pkg/sub
