[3.901s] Invoking command in '/home/mi/ros2_ws/src/demo_python_pkg': PYTHONPATH=/home/mi/ros2_ws/install/demo_python_pkg/lib/python3.6/site-packages:${PYTHONPATH} /usr/bin/python3 setup.py egg_info --egg-base ../../build/demo_python_pkg build --build-base /home/mi/ros2_ws/build/demo_python_pkg/build install --prefix /home/mi/ros2_ws/install/demo_python_pkg --record /home/mi/ros2_ws/build/demo_python_pkg/install.log --single-version-externally-managed
[5.503s] running egg_info
[5.506s] writing ../../build/demo_python_pkg/demo_python_pkg.egg-info/PKG-INFO
[5.507s] writing dependency_links to ../../build/demo_python_pkg/demo_python_pkg.egg-info/dependency_links.txt
[5.508s] writing entry points to ../../build/demo_python_pkg/demo_python_pkg.egg-info/entry_points.txt
[5.509s] writing requirements to ../../build/demo_python_pkg/demo_python_pkg.egg-info/requires.txt
[5.510s] writing top-level names to ../../build/demo_python_pkg/demo_python_pkg.egg-info/top_level.txt
[5.525s] reading manifest file '../../build/demo_python_pkg/demo_python_pkg.egg-info/SOURCES.txt'
[5.530s] writing manifest file '../../build/demo_python_pkg/demo_python_pkg.egg-info/SOURCES.txt'
[5.531s] running build
[5.532s] running build_py
[5.533s] copying demo_python_pkg/ultrasonic_move.py -> /home/mi/ros2_ws/build/demo_python_pkg/build/lib/demo_python_pkg
[5.533s] copying demo_python_pkg/ultrasonic_sub.py -> /home/mi/ros2_ws/build/demo_python_pkg/build/lib/demo_python_pkg
[5.534s] running install
[5.535s] /usr/local/lib/python3.6/dist-packages/setuptools/command/install.py:37: SetuptoolsDeprecationWarning: setup.py install is deprecated. Use build and pip and other standards-based tools.
[5.536s]   setuptools.SetuptoolsDeprecationWarning,
[5.537s] running install_lib
[5.542s] copying /home/mi/ros2_ws/build/demo_python_pkg/build/lib/demo_python_pkg/ultrasonic_move.py -> /home/mi/ros2_ws/install/demo_python_pkg/lib/python3.6/site-packages/demo_python_pkg
[5.543s] copying /home/mi/ros2_ws/build/demo_python_pkg/build/lib/demo_python_pkg/ultrasonic_sub.py -> /home/mi/ros2_ws/install/demo_python_pkg/lib/python3.6/site-packages/demo_python_pkg
[5.544s] byte-compiling /home/mi/ros2_ws/install/demo_python_pkg/lib/python3.6/site-packages/demo_python_pkg/ultrasonic_move.py to ultrasonic_move.cpython-36.pyc
[5.548s] byte-compiling /home/mi/ros2_ws/install/demo_python_pkg/lib/python3.6/site-packages/demo_python_pkg/ultrasonic_sub.py to ultrasonic_sub.cpython-36.pyc
[5.550s] running install_data
[5.552s] running install_egg_info
[5.560s] removing '/home/mi/ros2_ws/install/demo_python_pkg/lib/python3.6/site-packages/demo_python_pkg-0.0.0-py3.6.egg-info' (and everything under it)
[5.561s] Copying ../../build/demo_python_pkg/demo_python_pkg.egg-info to /home/mi/ros2_ws/install/demo_python_pkg/lib/python3.6/site-packages/demo_python_pkg-0.0.0-py3.6.egg-info
[5.566s] running install_scripts
[5.651s] Installing hello script to /home/mi/ros2_ws/install/demo_python_pkg/lib/demo_python_pkg
[5.654s] Installing move script to /home/mi/ros2_ws/install/demo_python_pkg/lib/demo_python_pkg
[5.655s] Installing sub script to /home/mi/ros2_ws/install/demo_python_pkg/lib/demo_python_pkg
[5.656s] writing list of installed files to '/home/mi/ros2_ws/build/demo_python_pkg/install.log'
[5.771s] Invoked command in '/home/mi/ros2_ws/src/demo_python_pkg' returned '0': PYTHONPATH=/home/mi/ros2_ws/install/demo_python_pkg/lib/python3.6/site-packages:${PYTHONPATH} /usr/bin/python3 setup.py egg_info --egg-base ../../build/demo_python_pkg build --build-base /home/mi/ros2_ws/build/demo_python_pkg/build install --prefix /home/mi/ros2_ws/install/demo_python_pkg --record /home/mi/ros2_ws/build/demo_python_pkg/install.log --single-version-externally-managed
