running egg_info
writing ../../build/shoot_goal/shoot_goal.egg-info/PKG-INFO
writing dependency_links to ../../build/shoot_goal/shoot_goal.egg-info/dependency_links.txt
writing entry points to ../../build/shoot_goal/shoot_goal.egg-info/entry_points.txt
writing requirements to ../../build/shoot_goal/shoot_goal.egg-info/requires.txt
writing top-level names to ../../build/shoot_goal/shoot_goal.egg-info/top_level.txt
reading manifest file '../../build/shoot_goal/shoot_goal.egg-info/SOURCES.txt'
writing manifest file '../../build/shoot_goal/shoot_goal.egg-info/SOURCES.txt'
running build
running build_py
copying shoot_goal/shoot_control.py -> /home/mi/ros2_ws/build/shoot_goal/build/lib/shoot_goal
running install
/usr/local/lib/python3.6/dist-packages/setuptools/command/install.py:37: SetuptoolsDeprecationWarning: setup.py install is deprecated. Use build and pip and other standards-based tools.
  setuptools.SetuptoolsDeprecationWarning,
running install_lib
copying /home/mi/ros2_ws/build/shoot_goal/build/lib/shoot_goal/shoot_control.py -> /home/mi/ros2_ws/install/shoot_goal/lib/python3.6/site-packages/shoot_goal
byte-compiling /home/mi/ros2_ws/install/shoot_goal/lib/python3.6/site-packages/shoot_goal/shoot_control.py to shoot_control.cpython-36.pyc
running install_data
running install_egg_info
removing '/home/mi/ros2_ws/install/shoot_goal/lib/python3.6/site-packages/shoot_goal-0.0.0-py3.6.egg-info' (and everything under it)
Copying ../../build/shoot_goal/shoot_goal.egg-info to /home/mi/ros2_ws/install/shoot_goal/lib/python3.6/site-packages/shoot_goal-0.0.0-py3.6.egg-info
running install_scripts
Installing shoot script to /home/mi/ros2_ws/install/shoot_goal/lib/shoot_goal
writing list of installed files to '/home/mi/ros2_ws/build/shoot_goal/install.log'
