[5.897s] Invoking command in '/home/mi/ros2_ws/src/shoot_goal': PYTHONPATH=/home/mi/ros2_ws/install/shoot_goal/lib/python3.6/site-packages:${PYTHONPATH} /usr/bin/python3 setup.py egg_info --egg-base ../../build/shoot_goal build --build-base /home/mi/ros2_ws/build/shoot_goal/build install --prefix /home/mi/ros2_ws/install/shoot_goal --record /home/mi/ros2_ws/build/shoot_goal/install.log --single-version-externally-managed
[7.523s] running egg_info
[7.527s] writing ../../build/shoot_goal/shoot_goal.egg-info/PKG-INFO
[7.529s] writing dependency_links to ../../build/shoot_goal/shoot_goal.egg-info/dependency_links.txt
[7.530s] writing entry points to ../../build/shoot_goal/shoot_goal.egg-info/entry_points.txt
[7.530s] writing requirements to ../../build/shoot_goal/shoot_goal.egg-info/requires.txt
[7.531s] writing top-level names to ../../build/shoot_goal/shoot_goal.egg-info/top_level.txt
[7.549s] reading manifest file '../../build/shoot_goal/shoot_goal.egg-info/SOURCES.txt'
[7.556s] writing manifest file '../../build/shoot_goal/shoot_goal.egg-info/SOURCES.txt'
[7.556s] running build
[7.557s] running build_py
[7.558s] copying shoot_goal/shoot_control.py -> /home/mi/ros2_ws/build/shoot_goal/build/lib/shoot_goal
[7.558s] running install
[7.560s] /usr/local/lib/python3.6/dist-packages/setuptools/command/install.py:37: SetuptoolsDeprecationWarning: setup.py install is deprecated. Use build and pip and other standards-based tools.
[7.560s]   setuptools.SetuptoolsDeprecationWarning,
[7.562s] running install_lib
[7.566s] copying /home/mi/ros2_ws/build/shoot_goal/build/lib/shoot_goal/shoot_control.py -> /home/mi/ros2_ws/install/shoot_goal/lib/python3.6/site-packages/shoot_goal
[7.569s] byte-compiling /home/mi/ros2_ws/install/shoot_goal/lib/python3.6/site-packages/shoot_goal/shoot_control.py to shoot_control.cpython-36.pyc
[7.579s] running install_data
[7.582s] running install_egg_info
[7.593s] removing '/home/mi/ros2_ws/install/shoot_goal/lib/python3.6/site-packages/shoot_goal-0.0.0-py3.6.egg-info' (and everything under it)
[7.595s] Copying ../../build/shoot_goal/shoot_goal.egg-info to /home/mi/ros2_ws/install/shoot_goal/lib/python3.6/site-packages/shoot_goal-0.0.0-py3.6.egg-info
[7.601s] running install_scripts
[7.701s] Installing shoot script to /home/mi/ros2_ws/install/shoot_goal/lib/shoot_goal
[7.704s] writing list of installed files to '/home/mi/ros2_ws/build/shoot_goal/install.log'
[7.833s] Invoked command in '/home/mi/ros2_ws/src/shoot_goal' returned '0': PYTHONPATH=/home/mi/ros2_ws/install/shoot_goal/lib/python3.6/site-packages:${PYTHONPATH} /usr/bin/python3 setup.py egg_info --egg-base ../../build/shoot_goal build --build-base /home/mi/ros2_ws/build/shoot_goal/build install --prefix /home/mi/ros2_ws/install/shoot_goal --record /home/mi/ros2_ws/build/shoot_goal/install.log --single-version-externally-managed
