[1.824s] DEBUG:colcon:Command line arguments: ['/usr/bin/colcon', 'build', '--packages-select', 'shoot_goal']
[1.824s] DEBUG:colcon:Parsed command line arguments: Namespace(allow_overriding=[], ament_cmake_args=None, base_paths=['.'], build_base='build', catkin_cmake_args=None, catkin_skip_building_tests=False, cmake_args=None, cmake_clean_cache=False, cmake_clean_first=False, cmake_force_configure=False, cmake_target=None, cmake_target_skip_unavailable=False, continue_on_error=False, event_handlers=None, executor='parallel', ignore_user_meta=False, install_base='install', log_base=None, log_level=None, main=<bound method BuildVerb.main of <colcon_core.verb.build.BuildVerb object at 0x7fa5aeff28>>, merge_install=False, metas=['./colcon.meta'], packages_above=None, packages_above_and_dependencies=None, packages_above_depth=None, packages_end=None, packages_ignore=None, packages_ignore_regex=None, packages_select=['shoot_goal'], packages_select_build_failed=False, packages_select_by_dep=None, packages_select_regex=None, packages_select_test_failures=False, packages_skip=None, packages_skip_build_finished=False, packages_skip_by_dep=None, packages_skip_regex=None, packages_skip_test_passed=False, packages_skip_up_to=None, packages_start=None, packages_up_to=None, packages_up_to_regex=None, parallel_workers=6, paths=None, symlink_install=False, test_result_base=None, verb_extension=<colcon_core.verb.build.BuildVerb object at 0x7fa5aeff28>, verb_name='build', verb_parser=<colcon_defaults.argument_parser.defaults.DefaultArgumentsDecorator object at 0x7fa5a644a8>)
[1.852s] Level 1:colcon.colcon_core.package_discovery:discover_packages(colcon_meta) check parameters
[1.853s] Level 1:colcon.colcon_core.package_discovery:discover_packages(recursive) check parameters
[1.853s] Level 1:colcon.colcon_core.package_discovery:discover_packages(ignore) check parameters
[1.853s] Level 1:colcon.colcon_core.package_discovery:discover_packages(path) check parameters
[1.853s] Level 1:colcon.colcon_core.package_discovery:discover_packages(colcon_meta) discover
[1.855s] Level 1:colcon.colcon_core.package_discovery:discover_packages(recursive) discover
[1.855s] INFO:colcon.colcon_core.package_discovery:Crawling recursively for packages in '/home/mi/ros2_ws'
[1.856s] Level 1:colcon.colcon_core.package_identification:_identify(.) by extensions ['ignore', 'ignore_ament_install']
[1.857s] Level 1:colcon.colcon_core.package_identification:_identify(.) by extension 'ignore'
[1.858s] Level 1:colcon.colcon_core.package_identification:_identify(.) by extension 'ignore_ament_install'
[1.858s] Level 1:colcon.colcon_core.package_identification:_identify(.) by extensions ['colcon_pkg']
[1.858s] Level 1:colcon.colcon_core.package_identification:_identify(.) by extension 'colcon_pkg'
[1.859s] Level 1:colcon.colcon_core.package_identification:_identify(.) by extensions ['colcon_meta']
[1.859s] Level 1:colcon.colcon_core.package_identification:_identify(.) by extension 'colcon_meta'
[1.859s] Level 1:colcon.colcon_core.package_identification:_identify(.) by extensions ['ros']
[1.859s] Level 1:colcon.colcon_core.package_identification:_identify(.) by extension 'ros'
[2.270s] Level 1:colcon.colcon_core.package_identification:_identify(.) by extensions ['cmake', 'python']
[2.271s] Level 1:colcon.colcon_core.package_identification:_identify(.) by extension 'cmake'
[2.271s] Level 1:colcon.colcon_core.package_identification:_identify(.) by extension 'python'
[2.271s] Level 1:colcon.colcon_core.package_identification:_identify(.) by extensions ['python_setup_py']
[2.272s] Level 1:colcon.colcon_core.package_identification:_identify(.) by extension 'python_setup_py'
[2.272s] Level 1:colcon.colcon_core.package_identification:_identify(build) by extensions ['ignore', 'ignore_ament_install']
[2.274s] Level 1:colcon.colcon_core.package_identification:_identify(build) by extension 'ignore'
[2.275s] Level 1:colcon.colcon_core.package_identification:_identify(build) ignored
[2.276s] Level 1:colcon.colcon_core.package_identification:_identify(install) by extensions ['ignore', 'ignore_ament_install']
[2.277s] Level 1:colcon.colcon_core.package_identification:_identify(install) by extension 'ignore'
[2.277s] Level 1:colcon.colcon_core.package_identification:_identify(install) ignored
[2.278s] Level 1:colcon.colcon_core.package_identification:_identify(log) by extensions ['ignore', 'ignore_ament_install']
[2.279s] Level 1:colcon.colcon_core.package_identification:_identify(log) by extension 'ignore'
[2.279s] Level 1:colcon.colcon_core.package_identification:_identify(log) ignored
[2.279s] Level 1:colcon.colcon_core.package_identification:_identify(src) by extensions ['ignore', 'ignore_ament_install']
[2.280s] Level 1:colcon.colcon_core.package_identification:_identify(src) by extension 'ignore'
[2.280s] Level 1:colcon.colcon_core.package_identification:_identify(src) by extension 'ignore_ament_install'
[2.280s] Level 1:colcon.colcon_core.package_identification:_identify(src) by extensions ['colcon_pkg']
[2.281s] Level 1:colcon.colcon_core.package_identification:_identify(src) by extension 'colcon_pkg'
[2.281s] Level 1:colcon.colcon_core.package_identification:_identify(src) by extensions ['colcon_meta']
[2.281s] Level 1:colcon.colcon_core.package_identification:_identify(src) by extension 'colcon_meta'
[2.281s] Level 1:colcon.colcon_core.package_identification:_identify(src) by extensions ['ros']
[2.282s] Level 1:colcon.colcon_core.package_identification:_identify(src) by extension 'ros'
[2.282s] Level 1:colcon.colcon_core.package_identification:_identify(src) by extensions ['cmake', 'python']
[2.282s] Level 1:colcon.colcon_core.package_identification:_identify(src) by extension 'cmake'
[2.283s] Level 1:colcon.colcon_core.package_identification:_identify(src) by extension 'python'
[2.283s] Level 1:colcon.colcon_core.package_identification:_identify(src) by extensions ['python_setup_py']
[2.283s] Level 1:colcon.colcon_core.package_identification:_identify(src) by extension 'python_setup_py'
[2.284s] Level 1:colcon.colcon_core.package_identification:_identify(src/demo_python_pkg) by extensions ['ignore', 'ignore_ament_install']
[2.284s] Level 1:colcon.colcon_core.package_identification:_identify(src/demo_python_pkg) by extension 'ignore'
[2.284s] Level 1:colcon.colcon_core.package_identification:_identify(src/demo_python_pkg) by extension 'ignore_ament_install'
[2.285s] Level 1:colcon.colcon_core.package_identification:_identify(src/demo_python_pkg) by extensions ['colcon_pkg']
[2.285s] Level 1:colcon.colcon_core.package_identification:_identify(src/demo_python_pkg) by extension 'colcon_pkg'
[2.285s] Level 1:colcon.colcon_core.package_identification:_identify(src/demo_python_pkg) by extensions ['colcon_meta']
[2.285s] Level 1:colcon.colcon_core.package_identification:_identify(src/demo_python_pkg) by extension 'colcon_meta'
[2.286s] Level 1:colcon.colcon_core.package_identification:_identify(src/demo_python_pkg) by extensions ['ros']
[2.286s] Level 1:colcon.colcon_core.package_identification:_identify(src/demo_python_pkg) by extension 'ros'
[2.299s] DEBUG:colcon.colcon_core.package_identification:Package 'src/demo_python_pkg' with type 'ros.ament_python' and name 'demo_python_pkg'
[2.299s] Level 1:colcon.colcon_core.package_identification:_identify(src/shoot_goal) by extensions ['ignore', 'ignore_ament_install']
[2.300s] Level 1:colcon.colcon_core.package_identification:_identify(src/shoot_goal) by extension 'ignore'
[2.300s] Level 1:colcon.colcon_core.package_identification:_identify(src/shoot_goal) by extension 'ignore_ament_install'
[2.301s] Level 1:colcon.colcon_core.package_identification:_identify(src/shoot_goal) by extensions ['colcon_pkg']
[2.301s] Level 1:colcon.colcon_core.package_identification:_identify(src/shoot_goal) by extension 'colcon_pkg'
[2.301s] Level 1:colcon.colcon_core.package_identification:_identify(src/shoot_goal) by extensions ['colcon_meta']
[2.301s] Level 1:colcon.colcon_core.package_identification:_identify(src/shoot_goal) by extension 'colcon_meta'
[2.302s] Level 1:colcon.colcon_core.package_identification:_identify(src/shoot_goal) by extensions ['ros']
[2.302s] Level 1:colcon.colcon_core.package_identification:_identify(src/shoot_goal) by extension 'ros'
[2.305s] DEBUG:colcon.colcon_core.package_identification:Package 'src/shoot_goal' with type 'ros.ament_python' and name 'shoot_goal'
[2.305s] Level 1:colcon.colcon_core.package_discovery:discover_packages(recursive) using defaults
[2.306s] Level 1:colcon.colcon_core.package_discovery:discover_packages(ignore) discover
[2.307s] Level 1:colcon.colcon_core.package_discovery:discover_packages(ignore) using defaults
[2.307s] Level 1:colcon.colcon_core.package_discovery:discover_packages(path) discover
[2.307s] Level 1:colcon.colcon_core.package_discovery:discover_packages(path) using defaults
[2.412s] INFO:colcon.colcon_core.package_selection:Skipping not selected package 'demo_python_pkg' in 'src/demo_python_pkg'
[2.417s] Level 5:colcon.colcon_core.verb:set package 'shoot_goal' build argument 'cmake_args' from command line to 'None'
[2.418s] Level 5:colcon.colcon_core.verb:set package 'shoot_goal' build argument 'cmake_target' from command line to 'None'
[2.418s] Level 5:colcon.colcon_core.verb:set package 'shoot_goal' build argument 'cmake_target_skip_unavailable' from command line to 'False'
[2.418s] Level 5:colcon.colcon_core.verb:set package 'shoot_goal' build argument 'cmake_clean_cache' from command line to 'False'
[2.418s] Level 5:colcon.colcon_core.verb:set package 'shoot_goal' build argument 'cmake_clean_first' from command line to 'False'
[2.418s] Level 5:colcon.colcon_core.verb:set package 'shoot_goal' build argument 'cmake_force_configure' from command line to 'False'
[2.419s] Level 5:colcon.colcon_core.verb:set package 'shoot_goal' build argument 'ament_cmake_args' from command line to 'None'
[2.419s] Level 5:colcon.colcon_core.verb:set package 'shoot_goal' build argument 'catkin_cmake_args' from command line to 'None'
[2.419s] Level 5:colcon.colcon_core.verb:set package 'shoot_goal' build argument 'catkin_skip_building_tests' from command line to 'False'
[2.419s] DEBUG:colcon.colcon_core.verb:Building package 'shoot_goal' with the following arguments: {'ament_cmake_args': None, 'build_base': '/home/mi/ros2_ws/build/shoot_goal', 'catkin_cmake_args': None, 'catkin_skip_building_tests': False, 'cmake_args': None, 'cmake_clean_cache': False, 'cmake_clean_first': False, 'cmake_force_configure': False, 'cmake_target': None, 'cmake_target_skip_unavailable': False, 'install_base': '/home/mi/ros2_ws/install/shoot_goal', 'merge_install': False, 'path': '/home/mi/ros2_ws/src/shoot_goal', 'symlink_install': False, 'test_result_base': None}
[2.473s] INFO:colcon.colcon_core.executor:Executing jobs using 'parallel' executor
[2.486s] DEBUG:colcon.colcon_parallel_executor.executor.parallel:run_until_complete
[2.487s] INFO:colcon.colcon_ros.task.ament_python.build:Building ROS package in '/home/mi/ros2_ws/src/shoot_goal' with build type 'ament_python'
[2.489s] Level 1:colcon.colcon_core.shell:create_environment_hook('shoot_goal', 'ament_prefix_path')
[2.505s] INFO:colcon.colcon_core.plugin_system:Skipping extension 'colcon_core.shell.bat': Not used on non-Windows systems
[2.507s] INFO:colcon.colcon_core.shell:Creating environment hook '/home/mi/ros2_ws/install/shoot_goal/share/shoot_goal/hook/ament_prefix_path.ps1'
[2.510s] INFO:colcon.colcon_core.shell:Creating environment descriptor '/home/mi/ros2_ws/install/shoot_goal/share/shoot_goal/hook/ament_prefix_path.dsv'
[2.512s] INFO:colcon.colcon_core.shell:Creating environment hook '/home/mi/ros2_ws/install/shoot_goal/share/shoot_goal/hook/ament_prefix_path.sh'
[2.518s] INFO:colcon.colcon_core.shell:Skip shell extension 'powershell' for command environment: Not usable outside of PowerShell
[2.518s] DEBUG:colcon.colcon_core.shell:Skip shell extension 'dsv' for command environment
[4.380s] INFO:colcon.colcon_core.task.python.build:Building Python package in '/home/mi/ros2_ws/src/shoot_goal'
[4.387s] INFO:colcon.colcon_core.shell:Skip shell extension 'powershell' for command environment: Not usable outside of PowerShell
[4.388s] DEBUG:colcon.colcon_core.shell:Skip shell extension 'dsv' for command environment
[6.877s] DEBUG:colcon.colcon_core.event_handler.log_command:Invoking command in '/home/mi/ros2_ws/src/shoot_goal': PYTHONPATH=/home/mi/ros2_ws/install/shoot_goal/lib/python3.6/site-packages:${PYTHONPATH} /usr/bin/python3 setup.py egg_info --egg-base ../../build/shoot_goal build --build-base /home/mi/ros2_ws/build/shoot_goal/build install --prefix /home/mi/ros2_ws/install/shoot_goal --record /home/mi/ros2_ws/build/shoot_goal/install.log --single-version-externally-managed
[9.004s] DEBUG:colcon.colcon_core.event_handler.log_command:Invoked command in '/home/mi/ros2_ws/src/shoot_goal' returned '0': PYTHONPATH=/home/mi/ros2_ws/install/shoot_goal/lib/python3.6/site-packages:${PYTHONPATH} /usr/bin/python3 setup.py egg_info --egg-base ../../build/shoot_goal build --build-base /home/mi/ros2_ws/build/shoot_goal/build install --prefix /home/mi/ros2_ws/install/shoot_goal --record /home/mi/ros2_ws/build/shoot_goal/install.log --single-version-externally-managed
[9.026s] Level 1:colcon.colcon_core.environment:checking '/home/mi/ros2_ws/install/shoot_goal' for CMake module files
[9.029s] Level 1:colcon.colcon_core.environment:checking '/home/mi/ros2_ws/install/shoot_goal' for CMake config files
[9.036s] Level 1:colcon.colcon_core.environment:checking '/home/mi/ros2_ws/install/shoot_goal/lib'
[9.038s] Level 1:colcon.colcon_core.environment:checking '/home/mi/ros2_ws/install/shoot_goal/bin'
[9.038s] Level 1:colcon.colcon_core.environment:checking '/home/mi/ros2_ws/install/shoot_goal/lib/pkgconfig/shoot_goal.pc'
[9.039s] Level 1:colcon.colcon_core.environment:checking '/home/mi/ros2_ws/install/shoot_goal/lib/python3.6/site-packages'
[9.039s] Level 1:colcon.colcon_core.shell:create_environment_hook('shoot_goal', 'pythonpath')
[9.043s] INFO:colcon.colcon_core.shell:Creating environment hook '/home/mi/ros2_ws/install/shoot_goal/share/shoot_goal/hook/pythonpath.ps1'
[9.046s] INFO:colcon.colcon_core.shell:Creating environment descriptor '/home/mi/ros2_ws/install/shoot_goal/share/shoot_goal/hook/pythonpath.dsv'
[9.047s] INFO:colcon.colcon_core.shell:Creating environment hook '/home/mi/ros2_ws/install/shoot_goal/share/shoot_goal/hook/pythonpath.sh'
[9.050s] Level 1:colcon.colcon_core.environment:create_environment_scripts_only(shoot_goal)
[9.054s] INFO:colcon.colcon_core.shell:Creating package script '/home/mi/ros2_ws/install/shoot_goal/share/shoot_goal/package.ps1'
[9.059s] INFO:colcon.colcon_core.shell:Creating package descriptor '/home/mi/ros2_ws/install/shoot_goal/share/shoot_goal/package.dsv'
[9.062s] INFO:colcon.colcon_core.shell:Creating package script '/home/mi/ros2_ws/install/shoot_goal/share/shoot_goal/package.sh'
[9.068s] INFO:colcon.colcon_core.shell:Creating package script '/home/mi/ros2_ws/install/shoot_goal/share/shoot_goal/package.bash'
[9.073s] INFO:colcon.colcon_core.shell:Creating package script '/home/mi/ros2_ws/install/shoot_goal/share/shoot_goal/package.zsh'
[9.077s] Level 1:colcon.colcon_core.environment:create_file_with_runtime_dependencies(/home/mi/ros2_ws/install/shoot_goal/share/colcon-core/packages/shoot_goal)
[9.083s] DEBUG:colcon.colcon_parallel_executor.executor.parallel:closing loop
[9.086s] DEBUG:colcon.colcon_parallel_executor.executor.parallel:loop closed
[9.087s] DEBUG:colcon.colcon_parallel_executor.executor.parallel:run_until_complete finished with '0'
[9.087s] DEBUG:colcon.colcon_core.event_reactor:joining thread
[9.121s] INFO:colcon.colcon_core.plugin_system:Skipping extension 'colcon_notification.desktop_notification.terminal_notifier': Not used on non-Darwin systems
[9.122s] INFO:colcon.colcon_core.plugin_system:Skipping extension 'colcon_notification.desktop_notification.win32': Not used on non-Windows systems
[9.122s] INFO:colcon.colcon_notification.desktop_notification:Sending desktop notification using 'notify2'
[9.202s] DEBUG:colcon.colcon_core.event_reactor:joined thread
[9.209s] INFO:colcon.colcon_core.shell:Creating prefix script '/home/mi/ros2_ws/install/local_setup.ps1'
[9.219s] INFO:colcon.colcon_core.shell:Creating prefix util module '/home/mi/ros2_ws/install/_local_setup_util_ps1.py'
[9.231s] INFO:colcon.colcon_core.shell:Creating prefix chain script '/home/mi/ros2_ws/install/setup.ps1'
[9.239s] INFO:colcon.colcon_core.shell:Creating prefix script '/home/mi/ros2_ws/install/local_setup.sh'
[9.243s] INFO:colcon.colcon_core.shell:Creating prefix util module '/home/mi/ros2_ws/install/_local_setup_util_sh.py'
[9.246s] INFO:colcon.colcon_core.shell:Creating prefix chain script '/home/mi/ros2_ws/install/setup.sh'
[9.253s] INFO:colcon.colcon_core.shell:Creating prefix script '/home/mi/ros2_ws/install/local_setup.bash'
[9.257s] INFO:colcon.colcon_core.shell:Creating prefix chain script '/home/mi/ros2_ws/install/setup.bash'
[9.264s] INFO:colcon.colcon_core.shell:Creating prefix script '/home/mi/ros2_ws/install/local_setup.zsh'
[9.267s] INFO:colcon.colcon_core.shell:Creating prefix chain script '/home/mi/ros2_ws/install/setup.zsh'
