running egg_info
creating ../../build/shoot_goal/shoot_goal.egg-info
writing ../../build/shoot_goal/shoot_goal.egg-info/PKG-INFO
writing dependency_links to ../../build/shoot_goal/shoot_goal.egg-info/dependency_links.txt
writing entry points to ../../build/shoot_goal/shoot_goal.egg-info/entry_points.txt
writing requirements to ../../build/shoot_goal/shoot_goal.egg-info/requires.txt
writing top-level names to ../../build/shoot_goal/shoot_goal.egg-info/top_level.txt
writing manifest file '../../build/shoot_goal/shoot_goal.egg-info/SOURCES.txt'
reading manifest file '../../build/shoot_goal/shoot_goal.egg-info/SOURCES.txt'
writing manifest file '../../build/shoot_goal/shoot_goal.egg-info/SOURCES.txt'
running build
running build_py
creating /home/mi/ros2_ws/build/shoot_goal/build
creating /home/mi/ros2_ws/build/shoot_goal/build/lib
creating /home/mi/ros2_ws/build/shoot_goal/build/lib/shoot_goal
copying shoot_goal/__init__.py -> /home/mi/ros2_ws/build/shoot_goal/build/lib/shoot_goal
copying shoot_goal/shoot_control.py -> /home/mi/ros2_ws/build/shoot_goal/build/lib/shoot_goal
running install
/usr/local/lib/python3.6/dist-packages/setuptools/command/install.py:37: SetuptoolsDeprecationWarning: setup.py install is deprecated. Use build and pip and other standards-based tools.
  setuptools.SetuptoolsDeprecationWarning,
running install_lib
creating /home/mi/ros2_ws/install/shoot_goal/lib/python3.6/site-packages/shoot_goal
copying /home/mi/ros2_ws/build/shoot_goal/build/lib/shoot_goal/__init__.py -> /home/mi/ros2_ws/install/shoot_goal/lib/python3.6/site-packages/shoot_goal
copying /home/mi/ros2_ws/build/shoot_goal/build/lib/shoot_goal/shoot_control.py -> /home/mi/ros2_ws/install/shoot_goal/lib/python3.6/site-packages/shoot_goal
byte-compiling /home/mi/ros2_ws/install/shoot_goal/lib/python3.6/site-packages/shoot_goal/__init__.py to __init__.cpython-36.pyc
byte-compiling /home/mi/ros2_ws/install/shoot_goal/lib/python3.6/site-packages/shoot_goal/shoot_control.py to shoot_control.cpython-36.pyc
running install_data
creating /home/mi/ros2_ws/install/shoot_goal/share/ament_index
creating /home/mi/ros2_ws/install/shoot_goal/share/ament_index/resource_index
creating /home/mi/ros2_ws/install/shoot_goal/share/ament_index/resource_index/packages
copying resource/shoot_goal -> /home/mi/ros2_ws/install/shoot_goal/share/ament_index/resource_index/packages
copying package.xml -> /home/mi/ros2_ws/install/shoot_goal/share/shoot_goal
running install_egg_info
Copying ../../build/shoot_goal/shoot_goal.egg-info to /home/mi/ros2_ws/install/shoot_goal/lib/python3.6/site-packages/shoot_goal-0.0.0-py3.6.egg-info
running install_scripts
Installing shoot script to /home/mi/ros2_ws/install/shoot_goal/lib/shoot_goal
writing list of installed files to '/home/mi/ros2_ws/build/shoot_goal/install.log'
